{"C:\\Users\\adriano.tobias\\Desktop\\MBA\\04 - Desenvolvimento Mobile\\06 - Testes\\01 - Testes automatizados\\iweather\\src\\assets\\background.png": {"path":"C:\\Users\\adriano.tobias\\Desktop\\MBA\\04 - Desenvolvimento Mobile\\06 - Testes\\01 - Testes automatizados\\iweather\\src\\assets\\background.png","statementMap":{"0":{"start":{"line":1,"column":0},"end":{"line":1,"column":19}}},"fnMap":{},"branchMap":{},"s":{"0":1},"f":{},"b":{},"_coverageSchema":"1a1c01bbd47fc00a2c39e90264f33305004495a9","hash":"d067e7991194a9883d2151c190d52bb60484c60a"}
,"C:\\Users\\adriano.tobias\\Desktop\\MBA\\04 - Desenvolvimento Mobile\\06 - Testes\\01 - Testes automatizados\\iweather\\src\\assets\\bg_clear_day.png": {"path":"C:\\Users\\adriano.tobias\\Desktop\\MBA\\04 - Desenvolvimento Mobile\\06 - Testes\\01 - Testes automatizados\\iweather\\src\\assets\\bg_clear_day.png","statementMap":{"0":{"start":{"line":1,"column":0},"end":{"line":1,"column":19}}},"fnMap":{},"branchMap":{},"s":{"0":2},"f":{},"b":{},"_coverageSchema":"1a1c01bbd47fc00a2c39e90264f33305004495a9","hash":"1790d6f583666e6a35b7167ff2d573e9650e48ea"}
,"C:\\Users\\adriano.tobias\\Desktop\\MBA\\04 - Desenvolvimento Mobile\\06 - Testes\\01 - Testes automatizados\\iweather\\src\\assets\\bg_clear_night.png": {"path":"C:\\Users\\adriano.tobias\\Desktop\\MBA\\04 - Desenvolvimento Mobile\\06 - Testes\\01 - Testes automatizados\\iweather\\src\\assets\\bg_clear_night.png","statementMap":{"0":{"start":{"line":1,"column":0},"end":{"line":1,"column":19}}},"fnMap":{},"branchMap":{},"s":{"0":2},"f":{},"b":{},"_coverageSchema":"1a1c01bbd47fc00a2c39e90264f33305004495a9","hash":"225297d7934b310d0c233aeb3c904f620130b3ca"}
,"C:\\Users\\adriano.tobias\\Desktop\\MBA\\04 - Desenvolvimento Mobile\\06 - Testes\\01 - Testes automatizados\\iweather\\src\\assets\\bg_cloudy_day.png": {"path":"C:\\Users\\adriano.tobias\\Desktop\\MBA\\04 - Desenvolvimento Mobile\\06 - Testes\\01 - Testes automatizados\\iweather\\src\\assets\\bg_cloudy_day.png","statementMap":{"0":{"start":{"line":1,"column":0},"end":{"line":1,"column":19}}},"fnMap":{},"branchMap":{},"s":{"0":2},"f":{},"b":{},"_coverageSchema":"1a1c01bbd47fc00a2c39e90264f33305004495a9","hash":"a7b2354a9e1515068fa8d0056fb00be7f7b09a9e"}
,"C:\\Users\\adriano.tobias\\Desktop\\MBA\\04 - Desenvolvimento Mobile\\06 - Testes\\01 - Testes automatizados\\iweather\\src\\assets\\bg_cloudy_night.png": {"path":"C:\\Users\\adriano.tobias\\Desktop\\MBA\\04 - Desenvolvimento Mobile\\06 - Testes\\01 - Testes automatizados\\iweather\\src\\assets\\bg_cloudy_night.png","statementMap":{"0":{"start":{"line":1,"column":0},"end":{"line":1,"column":19}}},"fnMap":{},"branchMap":{},"s":{"0":2},"f":{},"b":{},"_coverageSchema":"1a1c01bbd47fc00a2c39e90264f33305004495a9","hash":"2fa08b7fac05a30d18ac1b774e834454e5ebc906"}
,"C:\\Users\\adriano.tobias\\Desktop\\MBA\\04 - Desenvolvimento Mobile\\06 - Testes\\01 - Testes automatizados\\iweather\\src\\assets\\bg_rain_day.png": {"path":"C:\\Users\\adriano.tobias\\Desktop\\MBA\\04 - Desenvolvimento Mobile\\06 - Testes\\01 - Testes automatizados\\iweather\\src\\assets\\bg_rain_day.png","statementMap":{"0":{"start":{"line":1,"column":0},"end":{"line":1,"column":19}}},"fnMap":{},"branchMap":{},"s":{"0":2},"f":{},"b":{},"_coverageSchema":"1a1c01bbd47fc00a2c39e90264f33305004495a9","hash":"6b2c7cbe135209e4f0ea72a24a5dd6d948e8c48a"}
,"C:\\Users\\adriano.tobias\\Desktop\\MBA\\04 - Desenvolvimento Mobile\\06 - Testes\\01 - Testes automatizados\\iweather\\src\\assets\\bg_rain_night.png": {"path":"C:\\Users\\adriano.tobias\\Desktop\\MBA\\04 - Desenvolvimento Mobile\\06 - Testes\\01 - Testes automatizados\\iweather\\src\\assets\\bg_rain_night.png","statementMap":{"0":{"start":{"line":1,"column":0},"end":{"line":1,"column":19}}},"fnMap":{},"branchMap":{},"s":{"0":2},"f":{},"b":{},"_coverageSchema":"1a1c01bbd47fc00a2c39e90264f33305004495a9","hash":"d00be24b13142257d50d47c304544376ff1920a0"}
,"C:\\Users\\adriano.tobias\\Desktop\\MBA\\04 - Desenvolvimento Mobile\\06 - Testes\\01 - Testes automatizados\\iweather\\src\\assets\\bg_snow_day.png": {"path":"C:\\Users\\adriano.tobias\\Desktop\\MBA\\04 - Desenvolvimento Mobile\\06 - Testes\\01 - Testes automatizados\\iweather\\src\\assets\\bg_snow_day.png","statementMap":{"0":{"start":{"line":1,"column":0},"end":{"line":1,"column":19}}},"fnMap":{},"branchMap":{},"s":{"0":2},"f":{},"b":{},"_coverageSchema":"1a1c01bbd47fc00a2c39e90264f33305004495a9","hash":"f89e9f09e2e86cd29d362fc11e6dc167d4b8b20e"}
,"C:\\Users\\adriano.tobias\\Desktop\\MBA\\04 - Desenvolvimento Mobile\\06 - Testes\\01 - Testes automatizados\\iweather\\src\\assets\\bg_snow_night.png": {"path":"C:\\Users\\adriano.tobias\\Desktop\\MBA\\04 - Desenvolvimento Mobile\\06 - Testes\\01 - Testes automatizados\\iweather\\src\\assets\\bg_snow_night.png","statementMap":{"0":{"start":{"line":1,"column":0},"end":{"line":1,"column":19}}},"fnMap":{},"branchMap":{},"s":{"0":2},"f":{},"b":{},"_coverageSchema":"1a1c01bbd47fc00a2c39e90264f33305004495a9","hash":"911a8a250760e4e567f2b33d252059eaf3bbfcb5"}
,"C:\\Users\\adriano.tobias\\Desktop\\MBA\\04 - Desenvolvimento Mobile\\06 - Testes\\01 - Testes automatizados\\iweather\\src\\assets\\clear_day.svg": {"path":"C:\\Users\\adriano.tobias\\Desktop\\MBA\\04 - Desenvolvimento Mobile\\06 - Testes\\01 - Testes automatizados\\iweather\\src\\assets\\clear_day.svg","statementMap":{"0":{"start":{"line":2,"column":14},"end":{"line":2,"column":30}},"1":{"start":{"line":4,"column":2},"end":{"line":7,"column":4}},"2":{"start":{"line":9,"column":0},"end":{"line":9,"column":30}}},"fnMap":{"0":{"name":"SvgClear_day","decl":{"start":{"line":3,"column":9},"end":{"line":3,"column":21}},"loc":{"start":{"line":3,"column":29},"end":{"line":8,"column":1}},"line":3}},"branchMap":{},"s":{"0":4,"1":7,"2":4},"f":{"0":7},"b":{},"_coverageSchema":"1a1c01bbd47fc00a2c39e90264f33305004495a9","hash":"a99bf0b7e22a263e610d11bbf24019df0dbc842e"}
,"C:\\Users\\adriano.tobias\\Desktop\\MBA\\04 - Desenvolvimento Mobile\\06 - Testes\\01 - Testes automatizados\\iweather\\src\\assets\\clear_night.svg": {"path":"C:\\Users\\adriano.tobias\\Desktop\\MBA\\04 - Desenvolvimento Mobile\\06 - Testes\\01 - Testes automatizados\\iweather\\src\\assets\\clear_night.svg","statementMap":{"0":{"start":{"line":2,"column":14},"end":{"line":2,"column":30}},"1":{"start":{"line":4,"column":2},"end":{"line":7,"column":4}},"2":{"start":{"line":9,"column":0},"end":{"line":9,"column":32}}},"fnMap":{"0":{"name":"SvgClear_night","decl":{"start":{"line":3,"column":9},"end":{"line":3,"column":23}},"loc":{"start":{"line":3,"column":31},"end":{"line":8,"column":1}},"line":3}},"branchMap":{},"s":{"0":2,"1":1,"2":2},"f":{"0":1},"b":{},"_coverageSchema":"1a1c01bbd47fc00a2c39e90264f33305004495a9","hash":"e28d58082a5e3ecb9b8c64b45c1ba5f546b41b50"}
,"C:\\Users\\adriano.tobias\\Desktop\\MBA\\04 - Desenvolvimento Mobile\\06 - Testes\\01 - Testes automatizados\\iweather\\src\\assets\\cloudy_day.svg": {"path":"C:\\Users\\adriano.tobias\\Desktop\\MBA\\04 - Desenvolvimento Mobile\\06 - Testes\\01 - Testes automatizados\\iweather\\src\\assets\\cloudy_day.svg","statementMap":{"0":{"start":{"line":2,"column":14},"end":{"line":2,"column":30}},"1":{"start":{"line":4,"column":2},"end":{"line":7,"column":4}},"2":{"start":{"line":9,"column":0},"end":{"line":9,"column":31}}},"fnMap":{"0":{"name":"SvgCloudy_day","decl":{"start":{"line":3,"column":9},"end":{"line":3,"column":22}},"loc":{"start":{"line":3,"column":30},"end":{"line":8,"column":1}},"line":3}},"branchMap":{},"s":{"0":2,"1":0,"2":2},"f":{"0":0},"b":{},"_coverageSchema":"1a1c01bbd47fc00a2c39e90264f33305004495a9","hash":"dc2bd3de40cf5da1dac551235620b70fbe3b3499"}
,"C:\\Users\\adriano.tobias\\Desktop\\MBA\\04 - Desenvolvimento Mobile\\06 - Testes\\01 - Testes automatizados\\iweather\\src\\assets\\cloudy_night.svg": {"path":"C:\\Users\\adriano.tobias\\Desktop\\MBA\\04 - Desenvolvimento Mobile\\06 - Testes\\01 - Testes automatizados\\iweather\\src\\assets\\cloudy_night.svg","statementMap":{"0":{"start":{"line":2,"column":14},"end":{"line":2,"column":30}},"1":{"start":{"line":4,"column":2},"end":{"line":7,"column":4}},"2":{"start":{"line":9,"column":0},"end":{"line":9,"column":33}}},"fnMap":{"0":{"name":"SvgCloudy_night","decl":{"start":{"line":3,"column":9},"end":{"line":3,"column":24}},"loc":{"start":{"line":3,"column":32},"end":{"line":8,"column":1}},"line":3}},"branchMap":{},"s":{"0":2,"1":0,"2":2},"f":{"0":0},"b":{},"_coverageSchema":"1a1c01bbd47fc00a2c39e90264f33305004495a9","hash":"3fa4a46863084e41ebf803e3af98f2d11c35c1c6"}
,"C:\\Users\\adriano.tobias\\Desktop\\MBA\\04 - Desenvolvimento Mobile\\06 - Testes\\01 - Testes automatizados\\iweather\\src\\assets\\drop.svg": {"path":"C:\\Users\\adriano.tobias\\Desktop\\MBA\\04 - Desenvolvimento Mobile\\06 - Testes\\01 - Testes automatizados\\iweather\\src\\assets\\drop.svg","statementMap":{"0":{"start":{"line":2,"column":14},"end":{"line":2,"column":30}},"1":{"start":{"line":4,"column":2},"end":{"line":7,"column":4}},"2":{"start":{"line":9,"column":0},"end":{"line":9,"column":25}}},"fnMap":{"0":{"name":"SvgDrop","decl":{"start":{"line":3,"column":9},"end":{"line":3,"column":16}},"loc":{"start":{"line":3,"column":24},"end":{"line":8,"column":1}},"line":3}},"branchMap":{},"s":{"0":2,"1":2,"2":2},"f":{"0":2},"b":{},"_coverageSchema":"1a1c01bbd47fc00a2c39e90264f33305004495a9","hash":"66e048de74c4bf49e5fb043f4f3a79d188678135"}
,"C:\\Users\\adriano.tobias\\Desktop\\MBA\\04 - Desenvolvimento Mobile\\06 - Testes\\01 - Testes automatizados\\iweather\\src\\assets\\logo.svg": {"path":"C:\\Users\\adriano.tobias\\Desktop\\MBA\\04 - Desenvolvimento Mobile\\06 - Testes\\01 - Testes automatizados\\iweather\\src\\assets\\logo.svg","statementMap":{"0":{"start":{"line":2,"column":14},"end":{"line":2,"column":30}},"1":{"start":{"line":4,"column":2},"end":{"line":7,"column":4}},"2":{"start":{"line":9,"column":0},"end":{"line":9,"column":25}}},"fnMap":{"0":{"name":"SvgLogo","decl":{"start":{"line":3,"column":9},"end":{"line":3,"column":16}},"loc":{"start":{"line":3,"column":24},"end":{"line":8,"column":1}},"line":3}},"branchMap":{},"s":{"0":1,"1":3,"2":1},"f":{"0":3},"b":{},"_coverageSchema":"1a1c01bbd47fc00a2c39e90264f33305004495a9","hash":"b79bbe42c5dc0643fc25ed480cdf28b532c781f4"}
,"C:\\Users\\adriano.tobias\\Desktop\\MBA\\04 - Desenvolvimento Mobile\\06 - Testes\\01 - Testes automatizados\\iweather\\src\\assets\\rain.svg": {"path":"C:\\Users\\adriano.tobias\\Desktop\\MBA\\04 - Desenvolvimento Mobile\\06 - Testes\\01 - Testes automatizados\\iweather\\src\\assets\\rain.svg","statementMap":{"0":{"start":{"line":2,"column":14},"end":{"line":2,"column":30}},"1":{"start":{"line":4,"column":2},"end":{"line":7,"column":4}},"2":{"start":{"line":9,"column":0},"end":{"line":9,"column":25}}},"fnMap":{"0":{"name":"SvgRain","decl":{"start":{"line":3,"column":9},"end":{"line":3,"column":16}},"loc":{"start":{"line":3,"column":24},"end":{"line":8,"column":1}},"line":3}},"branchMap":{},"s":{"0":1,"1":1,"2":1},"f":{"0":1},"b":{},"_coverageSchema":"1a1c01bbd47fc00a2c39e90264f33305004495a9","hash":"56311343d149faf52ee744d296ab64b1107d1691"}
,"C:\\Users\\adriano.tobias\\Desktop\\MBA\\04 - Desenvolvimento Mobile\\06 - Testes\\01 - Testes automatizados\\iweather\\src\\assets\\rain_moment_day.svg": {"path":"C:\\Users\\adriano.tobias\\Desktop\\MBA\\04 - Desenvolvimento Mobile\\06 - Testes\\01 - Testes automatizados\\iweather\\src\\assets\\rain_moment_day.svg","statementMap":{"0":{"start":{"line":2,"column":14},"end":{"line":2,"column":30}},"1":{"start":{"line":4,"column":2},"end":{"line":7,"column":4}},"2":{"start":{"line":9,"column":0},"end":{"line":9,"column":36}}},"fnMap":{"0":{"name":"SvgRain_moment_day","decl":{"start":{"line":3,"column":9},"end":{"line":3,"column":27}},"loc":{"start":{"line":3,"column":35},"end":{"line":8,"column":1}},"line":3}},"branchMap":{},"s":{"0":2,"1":0,"2":2},"f":{"0":0},"b":{},"_coverageSchema":"1a1c01bbd47fc00a2c39e90264f33305004495a9","hash":"9afabda669652e2a4f48c67395d6e68b70d02a21"}
,"C:\\Users\\adriano.tobias\\Desktop\\MBA\\04 - Desenvolvimento Mobile\\06 - Testes\\01 - Testes automatizados\\iweather\\src\\assets\\snow_day.svg": {"path":"C:\\Users\\adriano.tobias\\Desktop\\MBA\\04 - Desenvolvimento Mobile\\06 - Testes\\01 - Testes automatizados\\iweather\\src\\assets\\snow_day.svg","statementMap":{"0":{"start":{"line":2,"column":14},"end":{"line":2,"column":30}},"1":{"start":{"line":4,"column":2},"end":{"line":7,"column":4}},"2":{"start":{"line":9,"column":0},"end":{"line":9,"column":29}}},"fnMap":{"0":{"name":"SvgSnow_day","decl":{"start":{"line":3,"column":9},"end":{"line":3,"column":20}},"loc":{"start":{"line":3,"column":28},"end":{"line":8,"column":1}},"line":3}},"branchMap":{},"s":{"0":2,"1":0,"2":2},"f":{"0":0},"b":{},"_coverageSchema":"1a1c01bbd47fc00a2c39e90264f33305004495a9","hash":"267041426a29e70d3bd78015e35289d1c638f5e3"}
,"C:\\Users\\adriano.tobias\\Desktop\\MBA\\04 - Desenvolvimento Mobile\\06 - Testes\\01 - Testes automatizados\\iweather\\src\\assets\\snow_night.svg": {"path":"C:\\Users\\adriano.tobias\\Desktop\\MBA\\04 - Desenvolvimento Mobile\\06 - Testes\\01 - Testes automatizados\\iweather\\src\\assets\\snow_night.svg","statementMap":{"0":{"start":{"line":2,"column":14},"end":{"line":2,"column":30}},"1":{"start":{"line":4,"column":2},"end":{"line":7,"column":4}},"2":{"start":{"line":9,"column":0},"end":{"line":9,"column":31}}},"fnMap":{"0":{"name":"SvgSnow_night","decl":{"start":{"line":3,"column":9},"end":{"line":3,"column":22}},"loc":{"start":{"line":3,"column":30},"end":{"line":8,"column":1}},"line":3}},"branchMap":{},"s":{"0":2,"1":0,"2":2},"f":{"0":0},"b":{},"_coverageSchema":"1a1c01bbd47fc00a2c39e90264f33305004495a9","hash":"bcf02dc4f293283cfa5e641aa9f992a9da57e3c9"}
,"C:\\Users\\adriano.tobias\\Desktop\\MBA\\04 - Desenvolvimento Mobile\\06 - Testes\\01 - Testes automatizados\\iweather\\src\\assets\\sun.svg": {"path":"C:\\Users\\adriano.tobias\\Desktop\\MBA\\04 - Desenvolvimento Mobile\\06 - Testes\\01 - Testes automatizados\\iweather\\src\\assets\\sun.svg","statementMap":{"0":{"start":{"line":2,"column":14},"end":{"line":2,"column":30}},"1":{"start":{"line":4,"column":2},"end":{"line":7,"column":4}},"2":{"start":{"line":9,"column":0},"end":{"line":9,"column":24}}},"fnMap":{"0":{"name":"SvgSun","decl":{"start":{"line":3,"column":9},"end":{"line":3,"column":15}},"loc":{"start":{"line":3,"column":23},"end":{"line":8,"column":1}},"line":3}},"branchMap":{},"s":{"0":1,"1":1,"2":1},"f":{"0":1},"b":{},"_coverageSchema":"1a1c01bbd47fc00a2c39e90264f33305004495a9","hash":"8bb46ff96a917e40276a2e3662b1db8365b458a5"}
,"C:\\Users\\adriano.tobias\\Desktop\\MBA\\04 - Desenvolvimento Mobile\\06 - Testes\\01 - Testes automatizados\\iweather\\src\\assets\\thermometer.svg": {"path":"C:\\Users\\adriano.tobias\\Desktop\\MBA\\04 - Desenvolvimento Mobile\\06 - Testes\\01 - Testes automatizados\\iweather\\src\\assets\\thermometer.svg","statementMap":{"0":{"start":{"line":2,"column":14},"end":{"line":2,"column":30}},"1":{"start":{"line":4,"column":2},"end":{"line":7,"column":4}},"2":{"start":{"line":9,"column":0},"end":{"line":9,"column":32}}},"fnMap":{"0":{"name":"SvgThermometer","decl":{"start":{"line":3,"column":9},"end":{"line":3,"column":23}},"loc":{"start":{"line":3,"column":31},"end":{"line":8,"column":1}},"line":3}},"branchMap":{},"s":{"0":1,"1":1,"2":1},"f":{"0":1},"b":{},"_coverageSchema":"1a1c01bbd47fc00a2c39e90264f33305004495a9","hash":"ac09c2629371e0357c056eb292da00d06ba73747"}
,"C:\\Users\\adriano.tobias\\Desktop\\MBA\\04 - Desenvolvimento Mobile\\06 - Testes\\01 - Testes automatizados\\iweather\\src\\assets\\wind.svg": {"path":"C:\\Users\\adriano.tobias\\Desktop\\MBA\\04 - Desenvolvimento Mobile\\06 - Testes\\01 - Testes automatizados\\iweather\\src\\assets\\wind.svg","statementMap":{"0":{"start":{"line":2,"column":14},"end":{"line":2,"column":30}},"1":{"start":{"line":4,"column":2},"end":{"line":7,"column":4}},"2":{"start":{"line":9,"column":0},"end":{"line":9,"column":25}}},"fnMap":{"0":{"name":"SvgWind","decl":{"start":{"line":3,"column":9},"end":{"line":3,"column":16}},"loc":{"start":{"line":3,"column":24},"end":{"line":8,"column":1}},"line":3}},"branchMap":{},"s":{"0":1,"1":1,"2":1},"f":{"0":1},"b":{},"_coverageSchema":"1a1c01bbd47fc00a2c39e90264f33305004495a9","hash":"ac4bd24c02dc2234b06cf595cd070b0f31d4522c"}
,"C:\\Users\\adriano.tobias\\Desktop\\MBA\\04 - Desenvolvimento Mobile\\06 - Testes\\01 - Testes automatizados\\iweather\\src\\components\\Day\\index.tsx": {"path":"C:\\Users\\adriano.tobias\\Desktop\\MBA\\04 - Desenvolvimento Mobile\\06 - Testes\\01 - Testes automatizados\\iweather\\src\\components\\Day\\index.tsx","statementMap":{"0":{"start":{"line":19,"column":25},"end":{"line":19,"column":29}},"1":{"start":{"line":21,"column":2},"end":{"line":37,"column":4}}},"fnMap":{"0":{"name":"Day","decl":{"start":{"line":18,"column":16},"end":{"line":18,"column":19}},"loc":{"start":{"line":18,"column":37},"end":{"line":38,"column":1}},"line":18}},"branchMap":{},"s":{"0":7,"1":7},"f":{"0":7},"b":{},"_coverageSchema":"1a1c01bbd47fc00a2c39e90264f33305004495a9","hash":"e194a4e0f52ddfda619e6f8744e3f9bd581f60e4"}
,"C:\\Users\\adriano.tobias\\Desktop\\MBA\\04 - Desenvolvimento Mobile\\06 - Testes\\01 - Testes automatizados\\iweather\\src\\components\\Day\\styles.ts": {"path":"C:\\Users\\adriano.tobias\\Desktop\\MBA\\04 - Desenvolvimento Mobile\\06 - Testes\\01 - Testes automatizados\\iweather\\src\\components\\Day\\styles.ts","statementMap":{"0":{"start":{"line":4,"column":22},"end":{"line":28,"column":2}}},"fnMap":{},"branchMap":{},"s":{"0":3},"f":{},"b":{},"_coverageSchema":"1a1c01bbd47fc00a2c39e90264f33305004495a9","hash":"c57a88ff2c25980e325d7e3bdd6a163150f54af7"}
,"C:\\Users\\adriano.tobias\\Desktop\\MBA\\04 - Desenvolvimento Mobile\\06 - Testes\\01 - Testes automatizados\\iweather\\src\\components\\Input\\index.tsx": {"path":"C:\\Users\\adriano.tobias\\Desktop\\MBA\\04 - Desenvolvimento Mobile\\06 - Testes\\01 - Testes automatizados\\iweather\\src\\components\\Input\\index.tsx","statementMap":{"0":{"start":{"line":11,"column":2},"end":{"line":28,"column":4}}},"fnMap":{"0":{"name":"Input","decl":{"start":{"line":10,"column":16},"end":{"line":10,"column":21}},"loc":{"start":{"line":10,"column":61},"end":{"line":29,"column":1}},"line":10}},"branchMap":{"0":{"loc":{"start":{"line":10,"column":24},"end":{"line":10,"column":41}},"type":"default-arg","locations":[{"start":{"line":10,"column":36},"end":{"line":10,"column":41}}],"line":10},"1":{"loc":{"start":{"line":20,"column":8},"end":{"line":25,"column":9}},"type":"binary-expr","locations":[{"start":{"line":20,"column":8},"end":{"line":20,"column":17}},{"start":{"line":21,"column":10},"end":{"line":24,"column":12}}],"line":20}},"s":{"0":8},"f":{"0":8},"b":{"0":[3],"1":[8,1]},"_coverageSchema":"1a1c01bbd47fc00a2c39e90264f33305004495a9","hash":"e73a02318fef8916af3d8ed3c1084a1e28eaae4d"}
,"C:\\Users\\adriano.tobias\\Desktop\\MBA\\04 - Desenvolvimento Mobile\\06 - Testes\\01 - Testes automatizados\\iweather\\src\\components\\Input\\styles.ts": {"path":"C:\\Users\\adriano.tobias\\Desktop\\MBA\\04 - Desenvolvimento Mobile\\06 - Testes\\01 - Testes automatizados\\iweather\\src\\components\\Input\\styles.ts","statementMap":{"0":{"start":{"line":4,"column":22},"end":{"line":19,"column":2}}},"fnMap":{},"branchMap":{},"s":{"0":3},"f":{},"b":{},"_coverageSchema":"1a1c01bbd47fc00a2c39e90264f33305004495a9","hash":"f46c57ce1aeebfd170fc7f16f5ce3447a2bb6879"}
,"C:\\Users\\adriano.tobias\\Desktop\\MBA\\04 - Desenvolvimento Mobile\\06 - Testes\\01 - Testes automatizados\\iweather\\src\\components\\Loading\\index.tsx": {"path":"C:\\Users\\adriano.tobias\\Desktop\\MBA\\04 - Desenvolvimento Mobile\\06 - Testes\\01 - Testes automatizados\\iweather\\src\\components\\Loading\\index.tsx","statementMap":{"0":{"start":{"line":7,"column":2},"end":{"line":11,"column":4}}},"fnMap":{"0":{"name":"Loading","decl":{"start":{"line":6,"column":16},"end":{"line":6,"column":23}},"loc":{"start":{"line":6,"column":26},"end":{"line":12,"column":1}},"line":6}},"branchMap":{},"s":{"0":3},"f":{"0":3},"b":{},"_coverageSchema":"1a1c01bbd47fc00a2c39e90264f33305004495a9","hash":"9adfa0b0dccebb52649ebb4ab309f745944fd270"}
,"C:\\Users\\adriano.tobias\\Desktop\\MBA\\04 - Desenvolvimento Mobile\\06 - Testes\\01 - Testes automatizados\\iweather\\src\\components\\Loading\\styles.ts": {"path":"C:\\Users\\adriano.tobias\\Desktop\\MBA\\04 - Desenvolvimento Mobile\\06 - Testes\\01 - Testes automatizados\\iweather\\src\\components\\Loading\\styles.ts","statementMap":{"0":{"start":{"line":4,"column":22},"end":{"line":11,"column":2}}},"fnMap":{},"branchMap":{},"s":{"0":1},"f":{},"b":{},"_coverageSchema":"1a1c01bbd47fc00a2c39e90264f33305004495a9","hash":"990d3c2d775e5369fa379cef71da378cfeed4a39"}
,"C:\\Users\\adriano.tobias\\Desktop\\MBA\\04 - Desenvolvimento Mobile\\06 - Testes\\01 - Testes automatizados\\iweather\\src\\components\\NextDays\\index.tsx": {"path":"C:\\Users\\adriano.tobias\\Desktop\\MBA\\04 - Desenvolvimento Mobile\\06 - Testes\\01 - Testes automatizados\\iweather\\src\\components\\NextDays\\index.tsx","statementMap":{"0":{"start":{"line":12,"column":2},"end":{"line":20,"column":4}},"1":{"start":{"line":16,"column":10},"end":{"line":16,"column":42}}},"fnMap":{"0":{"name":"NextDays","decl":{"start":{"line":11,"column":16},"end":{"line":11,"column":24}},"loc":{"start":{"line":11,"column":42},"end":{"line":21,"column":1}},"line":11},"1":{"name":"(anonymous_1)","decl":{"start":{"line":15,"column":17},"end":{"line":15,"column":18}},"loc":{"start":{"line":16,"column":10},"end":{"line":16,"column":42}},"line":16}},"branchMap":{},"s":{"0":2,"1":6},"f":{"0":2,"1":6},"b":{},"_coverageSchema":"1a1c01bbd47fc00a2c39e90264f33305004495a9","hash":"62fb484e405198215abf4ea973b6080a4ea1346a"}
,"C:\\Users\\adriano.tobias\\Desktop\\MBA\\04 - Desenvolvimento Mobile\\06 - Testes\\01 - Testes automatizados\\iweather\\src\\components\\NextDays\\styles.ts": {"path":"C:\\Users\\adriano.tobias\\Desktop\\MBA\\04 - Desenvolvimento Mobile\\06 - Testes\\01 - Testes automatizados\\iweather\\src\\components\\NextDays\\styles.ts","statementMap":{"0":{"start":{"line":4,"column":22},"end":{"line":14,"column":2}}},"fnMap":{},"branchMap":{},"s":{"0":2},"f":{},"b":{},"_coverageSchema":"1a1c01bbd47fc00a2c39e90264f33305004495a9","hash":"cbd988e85906eb0a8a5547ee3bd890c02baccd39"}
,"C:\\Users\\adriano.tobias\\Desktop\\MBA\\04 - Desenvolvimento Mobile\\06 - Testes\\01 - Testes automatizados\\iweather\\src\\components\\SelectList\\index.tsx": {"path":"C:\\Users\\adriano.tobias\\Desktop\\MBA\\04 - Desenvolvimento Mobile\\06 - Testes\\01 - Testes automatizados\\iweather\\src\\components\\SelectList\\index.tsx","statementMap":{"0":{"start":{"line":17,"column":2},"end":{"line":42,"column":4}},"1":{"start":{"line":29,"column":12},"end":{"line":37,"column":31}},"2":{"start":{"line":32,"column":29},"end":{"line":32,"column":48}}},"fnMap":{"0":{"name":"SelectList","decl":{"start":{"line":16,"column":16},"end":{"line":16,"column":26}},"loc":{"start":{"line":16,"column":41},"end":{"line":43,"column":1}},"line":16},"1":{"name":"(anonymous_1)","decl":{"start":{"line":28,"column":25},"end":{"line":28,"column":26}},"loc":{"start":{"line":29,"column":12},"end":{"line":37,"column":31}},"line":29},"2":{"name":"(anonymous_2)","decl":{"start":{"line":32,"column":23},"end":{"line":32,"column":24}},"loc":{"start":{"line":32,"column":29},"end":{"line":32,"column":48}},"line":32}},"branchMap":{},"s":{"0":6,"1":2,"2":1},"f":{"0":6,"1":2,"2":1},"b":{},"_coverageSchema":"1a1c01bbd47fc00a2c39e90264f33305004495a9","hash":"29d4eda68b7fa6c528b1fdab85f3056d8300c00a"}
,"C:\\Users\\adriano.tobias\\Desktop\\MBA\\04 - Desenvolvimento Mobile\\06 - Testes\\01 - Testes automatizados\\iweather\\src\\components\\SelectList\\styles.ts": {"path":"C:\\Users\\adriano.tobias\\Desktop\\MBA\\04 - Desenvolvimento Mobile\\06 - Testes\\01 - Testes automatizados\\iweather\\src\\components\\SelectList\\styles.ts","statementMap":{"0":{"start":{"line":4,"column":22},"end":{"line":28,"column":2}}},"fnMap":{},"branchMap":{},"s":{"0":2},"f":{},"b":{},"_coverageSchema":"1a1c01bbd47fc00a2c39e90264f33305004495a9","hash":"69856d611380b8bb272f8aeb7130dffaa8c16ed9"}
,"C:\\Users\\adriano.tobias\\Desktop\\MBA\\04 - Desenvolvimento Mobile\\06 - Testes\\01 - Testes automatizados\\iweather\\src\\components\\WeatherDetails\\index.tsx": {"path":"C:\\Users\\adriano.tobias\\Desktop\\MBA\\04 - Desenvolvimento Mobile\\06 - Testes\\01 - Testes automatizados\\iweather\\src\\components\\WeatherDetails\\index.tsx","statementMap":{"0":{"start":{"line":26,"column":2},"end":{"line":59,"column":4}}},"fnMap":{"0":{"name":"WeatherDetails","decl":{"start":{"line":25,"column":16},"end":{"line":25,"column":30}},"loc":{"start":{"line":25,"column":48},"end":{"line":60,"column":1}},"line":25}},"branchMap":{},"s":{"0":1},"f":{"0":1},"b":{},"_coverageSchema":"1a1c01bbd47fc00a2c39e90264f33305004495a9","hash":"5dbfe1c4d564a82fc723fd345b094ad79384f630"}
,"C:\\Users\\adriano.tobias\\Desktop\\MBA\\04 - Desenvolvimento Mobile\\06 - Testes\\01 - Testes automatizados\\iweather\\src\\components\\WeatherDetails\\styles.ts": {"path":"C:\\Users\\adriano.tobias\\Desktop\\MBA\\04 - Desenvolvimento Mobile\\06 - Testes\\01 - Testes automatizados\\iweather\\src\\components\\WeatherDetails\\styles.ts","statementMap":{"0":{"start":{"line":4,"column":22},"end":{"line":11,"column":2}}},"fnMap":{},"branchMap":{},"s":{"0":1},"f":{},"b":{},"_coverageSchema":"1a1c01bbd47fc00a2c39e90264f33305004495a9","hash":"1192d875293e06b4de524b437561f15332448ffe"}
,"C:\\Users\\adriano.tobias\\Desktop\\MBA\\04 - Desenvolvimento Mobile\\06 - Testes\\01 - Testes automatizados\\iweather\\src\\components\\WeatherItem\\index.tsx": {"path":"C:\\Users\\adriano.tobias\\Desktop\\MBA\\04 - Desenvolvimento Mobile\\06 - Testes\\01 - Testes automatizados\\iweather\\src\\components\\WeatherItem\\index.tsx","statementMap":{"0":{"start":{"line":14,"column":2},"end":{"line":26,"column":4}}},"fnMap":{"0":{"name":"WeatherItem","decl":{"start":{"line":13,"column":16},"end":{"line":13,"column":27}},"loc":{"start":{"line":13,"column":81},"end":{"line":27,"column":1}},"line":13}},"branchMap":{"0":{"loc":{"start":{"line":13,"column":56},"end":{"line":13,"column":70}},"type":"default-arg","locations":[{"start":{"line":13,"column":65},"end":{"line":13,"column":70}}],"line":13},"1":{"loc":{"start":{"line":15,"column":36},"end":{"line":15,"column":66}},"type":"binary-expr","locations":[{"start":{"line":15,"column":36},"end":{"line":15,"column":43}},{"start":{"line":15,"column":47},"end":{"line":15,"column":66}}],"line":15}},"s":{"0":6},"f":{"0":6},"b":{"0":[5],"1":[6,5]},"_coverageSchema":"1a1c01bbd47fc00a2c39e90264f33305004495a9","hash":"86ff0e384788bc343718a9e72cbba1b843ccdf14"}
,"C:\\Users\\adriano.tobias\\Desktop\\MBA\\04 - Desenvolvimento Mobile\\06 - Testes\\01 - Testes automatizados\\iweather\\src\\components\\WeatherItem\\styles.ts": {"path":"C:\\Users\\adriano.tobias\\Desktop\\MBA\\04 - Desenvolvimento Mobile\\06 - Testes\\01 - Testes automatizados\\iweather\\src\\components\\WeatherItem\\styles.ts","statementMap":{"0":{"start":{"line":4,"column":22},"end":{"line":27,"column":2}}},"fnMap":{},"branchMap":{},"s":{"0":2},"f":{},"b":{},"_coverageSchema":"1a1c01bbd47fc00a2c39e90264f33305004495a9","hash":"9d287b25862a052e30719f4282503f7148459a02"}
,"C:\\Users\\adriano.tobias\\Desktop\\MBA\\04 - Desenvolvimento Mobile\\06 - Testes\\01 - Testes automatizados\\iweather\\src\\components\\WeatherToday\\index.tsx": {"path":"C:\\Users\\adriano.tobias\\Desktop\\MBA\\04 - Desenvolvimento Mobile\\06 - Testes\\01 - Testes automatizados\\iweather\\src\\components\\WeatherToday\\index.tsx","statementMap":{"0":{"start":{"line":23,"column":16},"end":{"line":23,"column":72}},"1":{"start":{"line":24,"column":16},"end":{"line":24,"column":27}},"2":{"start":{"line":26,"column":16},"end":{"line":26,"column":73}},"3":{"start":{"line":27,"column":15},"end":{"line":27,"column":78}},"4":{"start":{"line":29,"column":2},"end":{"line":59,"column":4}}},"fnMap":{"0":{"name":"WeatherToday","decl":{"start":{"line":22,"column":16},"end":{"line":22,"column":28}},"loc":{"start":{"line":22,"column":55},"end":{"line":60,"column":1}},"line":22}},"branchMap":{"0":{"loc":{"start":{"line":26,"column":16},"end":{"line":26,"column":73}},"type":"cond-expr","locations":[{"start":{"line":26,"column":24},"end":{"line":26,"column":46}},{"start":{"line":26,"column":49},"end":{"line":26,"column":73}}],"line":26},"1":{"loc":{"start":{"line":27,"column":15},"end":{"line":27,"column":78}},"type":"cond-expr","locations":[{"start":{"line":27,"column":23},"end":{"line":27,"column":48}},{"start":{"line":27,"column":51},"end":{"line":27,"column":78}}],"line":27}},"s":{"0":1,"1":1,"2":1,"3":1,"4":1},"f":{"0":1},"b":{"0":[0,1],"1":[0,1]},"_coverageSchema":"1a1c01bbd47fc00a2c39e90264f33305004495a9","hash":"6039f45e32fcc5ec9ffba6f75a5ac3ef50af7c7f"}
,"C:\\Users\\adriano.tobias\\Desktop\\MBA\\04 - Desenvolvimento Mobile\\06 - Testes\\01 - Testes automatizados\\iweather\\src\\components\\WeatherToday\\styles.ts": {"path":"C:\\Users\\adriano.tobias\\Desktop\\MBA\\04 - Desenvolvimento Mobile\\06 - Testes\\01 - Testes automatizados\\iweather\\src\\components\\WeatherToday\\styles.ts","statementMap":{"0":{"start":{"line":4,"column":22},"end":{"line":48,"column":2}}},"fnMap":{},"branchMap":{},"s":{"0":1},"f":{},"b":{},"_coverageSchema":"1a1c01bbd47fc00a2c39e90264f33305004495a9","hash":"32cf0b64d70d6e5a538aef47259dc6ea296df6d1"}
,"C:\\Users\\adriano.tobias\\Desktop\\MBA\\04 - Desenvolvimento Mobile\\06 - Testes\\01 - Testes automatizados\\iweather\\src\\contexts\\CityContext.tsx": {"path":"C:\\Users\\adriano.tobias\\Desktop\\MBA\\04 - Desenvolvimento Mobile\\06 - Testes\\01 - Testes automatizados\\iweather\\src\\contexts\\CityContext.tsx","statementMap":{"0":{"start":{"line":16,"column":27},"end":{"line":16,"column":90}},"1":{"start":{"line":19,"column":44},"end":{"line":19,"column":58}},"2":{"start":{"line":20,"column":26},"end":{"line":20,"column":58}},"3":{"start":{"line":23,"column":4},"end":{"line":23,"column":27}},"4":{"start":{"line":25,"column":4},"end":{"line":25,"column":40}},"5":{"start":{"line":26,"column":4},"end":{"line":26,"column":26}},"6":{"start":{"line":28,"column":4},"end":{"line":28,"column":28}},"7":{"start":{"line":31,"column":2},"end":{"line":37,"column":9}},"8":{"start":{"line":32,"column":4},"end":{"line":32,"column":27}},"9":{"start":{"line":34,"column":4},"end":{"line":36,"column":46}},"10":{"start":{"line":35,"column":22},"end":{"line":35,"column":35}},"11":{"start":{"line":36,"column":21},"end":{"line":36,"column":44}},"12":{"start":{"line":39,"column":2},"end":{"line":47,"column":3}}},"fnMap":{"0":{"name":"CityProvider","decl":{"start":{"line":18,"column":16},"end":{"line":18,"column":28}},"loc":{"start":{"line":18,"column":69},"end":{"line":48,"column":1}},"line":18},"1":{"name":"handleChanceCity","decl":{"start":{"line":22,"column":17},"end":{"line":22,"column":33}},"loc":{"start":{"line":22,"column":59},"end":{"line":29,"column":3}},"line":22},"2":{"name":"(anonymous_2)","decl":{"start":{"line":31,"column":12},"end":{"line":31,"column":13}},"loc":{"start":{"line":31,"column":18},"end":{"line":37,"column":3}},"line":31},"3":{"name":"(anonymous_3)","decl":{"start":{"line":35,"column":12},"end":{"line":35,"column":13}},"loc":{"start":{"line":35,"column":22},"end":{"line":35,"column":35}},"line":35},"4":{"name":"(anonymous_4)","decl":{"start":{"line":36,"column":15},"end":{"line":36,"column":16}},"loc":{"start":{"line":36,"column":21},"end":{"line":36,"column":44}},"line":36}},"branchMap":{},"s":{"0":2,"1":9,"2":9,"3":1,"4":1,"5":1,"6":1,"7":9,"8":3,"9":3,"10":3,"11":3,"12":9},"f":{"0":9,"1":1,"2":3,"3":3,"4":3},"b":{},"_coverageSchema":"1a1c01bbd47fc00a2c39e90264f33305004495a9","hash":"0cc4aff9eb49363b89c2247fa9d58fe2d6b7464f"}
,"C:\\Users\\adriano.tobias\\Desktop\\MBA\\04 - Desenvolvimento Mobile\\06 - Testes\\01 - Testes automatizados\\iweather\\src\\hooks\\useCity.ts": {"path":"C:\\Users\\adriano.tobias\\Desktop\\MBA\\04 - Desenvolvimento Mobile\\06 - Testes\\01 - Testes automatizados\\iweather\\src\\hooks\\useCity.ts","statementMap":{"0":{"start":{"line":6,"column":18},"end":{"line":6,"column":41}},"1":{"start":{"line":8,"column":2},"end":{"line":8,"column":16}}},"fnMap":{"0":{"name":"useCity","decl":{"start":{"line":5,"column":16},"end":{"line":5,"column":23}},"loc":{"start":{"line":5,"column":26},"end":{"line":9,"column":1}},"line":5}},"branchMap":{},"s":{"0":15,"1":15},"f":{"0":15},"b":{},"_coverageSchema":"1a1c01bbd47fc00a2c39e90264f33305004495a9","hash":"163c12364ccc3730965ff6911f0d319b06ab4b95"}
,"C:\\Users\\adriano.tobias\\Desktop\\MBA\\04 - Desenvolvimento Mobile\\06 - Testes\\01 - Testes automatizados\\iweather\\src\\libs\\asyncStorage\\cityStorage.ts": {"path":"C:\\Users\\adriano.tobias\\Desktop\\MBA\\04 - Desenvolvimento Mobile\\06 - Testes\\01 - Testes automatizados\\iweather\\src\\libs\\asyncStorage\\cityStorage.ts","statementMap":{"0":{"start":{"line":4,"column":20},"end":{"line":4,"column":36}},"1":{"start":{"line":7,"column":18},"end":{"line":7,"column":57}},"2":{"start":{"line":9,"column":19},"end":{"line":9,"column":68}},"3":{"start":{"line":11,"column":2},"end":{"line":11,"column":18}},"4":{"start":{"line":15,"column":2},"end":{"line":15,"column":64}},"5":{"start":{"line":19,"column":2},"end":{"line":19,"column":45}}},"fnMap":{"0":{"name":"getStorageCity","decl":{"start":{"line":6,"column":22},"end":{"line":6,"column":36}},"loc":{"start":{"line":6,"column":39},"end":{"line":12,"column":1}},"line":6},"1":{"name":"saveStorageCity","decl":{"start":{"line":14,"column":22},"end":{"line":14,"column":37}},"loc":{"start":{"line":14,"column":55},"end":{"line":16,"column":1}},"line":14},"2":{"name":"removeStorageCity","decl":{"start":{"line":18,"column":22},"end":{"line":18,"column":39}},"loc":{"start":{"line":18,"column":42},"end":{"line":20,"column":1}},"line":18}},"branchMap":{"0":{"loc":{"start":{"line":9,"column":19},"end":{"line":9,"column":68}},"type":"cond-expr","locations":[{"start":{"line":9,"column":29},"end":{"line":9,"column":61}},{"start":{"line":9,"column":64},"end":{"line":9,"column":68}}],"line":9}},"s":{"0":3,"1":6,"2":6,"3":6,"4":4,"5":1},"f":{"0":6,"1":4,"2":1},"b":{"0":[2,4]},"_coverageSchema":"1a1c01bbd47fc00a2c39e90264f33305004495a9","hash":"35b996643467173d5f0772706926f54be0903e73"}
,"C:\\Users\\adriano.tobias\\Desktop\\MBA\\04 - Desenvolvimento Mobile\\06 - Testes\\01 - Testes automatizados\\iweather\\src\\routes\\app.routes.tsx": {"path":"C:\\Users\\adriano.tobias\\Desktop\\MBA\\04 - Desenvolvimento Mobile\\06 - Testes\\01 - Testes automatizados\\iweather\\src\\routes\\app.routes.tsx","statementMap":{"0":{"start":{"line":6,"column":30},"end":{"line":6,"column":58}},"1":{"start":{"line":9,"column":2},"end":{"line":21,"column":3}}},"fnMap":{"0":{"name":"AppRoutes","decl":{"start":{"line":8,"column":16},"end":{"line":8,"column":25}},"loc":{"start":{"line":8,"column":28},"end":{"line":22,"column":1}},"line":8}},"branchMap":{},"s":{"0":1,"1":3},"f":{"0":3},"b":{},"_coverageSchema":"1a1c01bbd47fc00a2c39e90264f33305004495a9","hash":"4135d28fd73103c189d100da9f4c972b95c679f5"}
,"C:\\Users\\adriano.tobias\\Desktop\\MBA\\04 - Desenvolvimento Mobile\\06 - Testes\\01 - Testes automatizados\\iweather\\src\\routes\\index.tsx": {"path":"C:\\Users\\adriano.tobias\\Desktop\\MBA\\04 - Desenvolvimento Mobile\\06 - Testes\\01 - Testes automatizados\\iweather\\src\\routes\\index.tsx","statementMap":{"0":{"start":{"line":12,"column":19},"end":{"line":12,"column":28}},"1":{"start":{"line":13,"column":17},"end":{"line":13,"column":36}},"2":{"start":{"line":15,"column":2},"end":{"line":21,"column":4}}},"fnMap":{"0":{"name":"Routes","decl":{"start":{"line":11,"column":16},"end":{"line":11,"column":22}},"loc":{"start":{"line":11,"column":25},"end":{"line":22,"column":1}},"line":11}},"branchMap":{"0":{"loc":{"start":{"line":18,"column":9},"end":{"line":18,"column":45}},"type":"cond-expr","locations":[{"start":{"line":18,"column":16},"end":{"line":18,"column":29}},{"start":{"line":18,"column":32},"end":{"line":18,"column":45}}],"line":18}},"s":{"0":5,"1":5,"2":5},"f":{"0":5},"b":{"0":[2,3]},"_coverageSchema":"1a1c01bbd47fc00a2c39e90264f33305004495a9","hash":"4b4575158648a56517460de6b42ba13744cda282"}
,"C:\\Users\\adriano.tobias\\Desktop\\MBA\\04 - Desenvolvimento Mobile\\06 - Testes\\01 - Testes automatizados\\iweather\\src\\screens\\Dashboard\\index.tsx": {"path":"C:\\Users\\adriano.tobias\\Desktop\\MBA\\04 - Desenvolvimento Mobile\\06 - Testes\\01 - Testes automatizados\\iweather\\src\\screens\\Dashboard\\index.tsx","statementMap":{"0":{"start":{"line":17,"column":30},"end":{"line":17,"column":42}},"1":{"start":{"line":18,"column":40},"end":{"line":18,"column":55}},"2":{"start":{"line":19,"column":30},"end":{"line":19,"column":55}},"3":{"start":{"line":20,"column":50},"end":{"line":20,"column":64}},"4":{"start":{"line":21,"column":32},"end":{"line":21,"column":90}},"5":{"start":{"line":23,"column":52},"end":{"line":23,"column":61}},"6":{"start":{"line":26,"column":4},"end":{"line":26,"column":28}},"7":{"start":{"line":27,"column":4},"end":{"line":27,"column":18}},"8":{"start":{"line":28,"column":4},"end":{"line":28,"column":18}},"9":{"start":{"line":32,"column":4},"end":{"line":34,"column":5}},"10":{"start":{"line":33,"column":6},"end":{"line":33,"column":13}},"11":{"start":{"line":36,"column":4},"end":{"line":36,"column":30}},"12":{"start":{"line":38,"column":36},"end":{"line":38,"column":40}},"13":{"start":{"line":39,"column":21},"end":{"line":39,"column":75}},"14":{"start":{"line":41,"column":4},"end":{"line":41,"column":25}},"15":{"start":{"line":42,"column":4},"end":{"line":42,"column":31}},"16":{"start":{"line":46,"column":4},"end":{"line":46,"column":25}},"17":{"start":{"line":48,"column":21},"end":{"line":48,"column":53}},"18":{"start":{"line":50,"column":4},"end":{"line":50,"column":24}},"19":{"start":{"line":51,"column":4},"end":{"line":51,"column":26}},"20":{"start":{"line":54,"column":2},"end":{"line":63,"column":15}},"21":{"start":{"line":55,"column":4},"end":{"line":57,"column":5}},"22":{"start":{"line":56,"column":6},"end":{"line":56,"column":13}},"23":{"start":{"line":59,"column":4},"end":{"line":59,"column":21}},"24":{"start":{"line":60,"column":21},"end":{"line":60,"column":61}},"25":{"start":{"line":60,"column":38},"end":{"line":60,"column":55}},"26":{"start":{"line":62,"column":4},"end":{"line":62,"column":41}},"27":{"start":{"line":62,"column":17},"end":{"line":62,"column":40}},"28":{"start":{"line":65,"column":2},"end":{"line":67,"column":13}},"29":{"start":{"line":66,"column":4},"end":{"line":66,"column":24}},"30":{"start":{"line":69,"column":2},"end":{"line":71,"column":3}},"31":{"start":{"line":70,"column":4},"end":{"line":70,"column":23}},"32":{"start":{"line":73,"column":2},"end":{"line":91,"column":4}}},"fnMap":{"0":{"name":"Dashboard","decl":{"start":{"line":16,"column":16},"end":{"line":16,"column":25}},"loc":{"start":{"line":16,"column":28},"end":{"line":92,"column":1}},"line":16},"1":{"name":"handleSelect","decl":{"start":{"line":25,"column":11},"end":{"line":25,"column":23}},"loc":{"start":{"line":25,"column":42},"end":{"line":29,"column":3}},"line":25},"2":{"name":"getWeatherDetails","decl":{"start":{"line":31,"column":17},"end":{"line":31,"column":34}},"loc":{"start":{"line":31,"column":37},"end":{"line":43,"column":3}},"line":31},"3":{"name":"getCities","decl":{"start":{"line":45,"column":17},"end":{"line":45,"column":26}},"loc":{"start":{"line":45,"column":41},"end":{"line":52,"column":3}},"line":45},"4":{"name":"(anonymous_4)","decl":{"start":{"line":54,"column":12},"end":{"line":54,"column":13}},"loc":{"start":{"line":54,"column":18},"end":{"line":63,"column":3}},"line":54},"5":{"name":"(anonymous_5)","decl":{"start":{"line":60,"column":32},"end":{"line":60,"column":33}},"loc":{"start":{"line":60,"column":38},"end":{"line":60,"column":55}},"line":60},"6":{"name":"(anonymous_6)","decl":{"start":{"line":62,"column":11},"end":{"line":62,"column":12}},"loc":{"start":{"line":62,"column":17},"end":{"line":62,"column":40}},"line":62},"7":{"name":"(anonymous_7)","decl":{"start":{"line":65,"column":12},"end":{"line":65,"column":13}},"loc":{"start":{"line":65,"column":18},"end":{"line":67,"column":3}},"line":65}},"branchMap":{"0":{"loc":{"start":{"line":32,"column":4},"end":{"line":34,"column":5}},"type":"if","locations":[{"start":{"line":32,"column":4},"end":{"line":34,"column":5}},{"start":{},"end":{}}],"line":32},"1":{"loc":{"start":{"line":55,"column":4},"end":{"line":57,"column":5}},"type":"if","locations":[{"start":{"line":55,"column":4},"end":{"line":57,"column":5}},{"start":{},"end":{}}],"line":55},"2":{"loc":{"start":{"line":69,"column":2},"end":{"line":71,"column":3}},"type":"if","locations":[{"start":{"line":69,"column":2},"end":{"line":71,"column":3}},{"start":{},"end":{}}],"line":69},"3":{"loc":{"start":{"line":69,"column":6},"end":{"line":69,"column":48}},"type":"binary-expr","locations":[{"start":{"line":69,"column":6},"end":{"line":69,"column":22}},{"start":{"line":69,"column":26},"end":{"line":69,"column":39}},{"start":{"line":69,"column":43},"end":{"line":69,"column":48}}],"line":69}},"s":{"0":4,"1":4,"2":4,"3":4,"4":4,"5":4,"6":0,"7":0,"8":0,"9":1,"10":0,"11":1,"12":1,"13":1,"14":1,"15":1,"16":0,"17":0,"18":0,"19":0,"20":4,"21":1,"22":1,"23":0,"24":0,"25":0,"26":0,"27":0,"28":4,"29":1,"30":4,"31":3,"32":1},"f":{"0":4,"1":0,"2":1,"3":0,"4":1,"5":0,"6":0,"7":1},"b":{"0":[0,1],"1":[1,0],"2":[3,1],"3":[4,1,1]},"_coverageSchema":"1a1c01bbd47fc00a2c39e90264f33305004495a9","hash":"c4c5fab8e5ab7bf1430cb66b6bf804662448a9ab"}
,"C:\\Users\\adriano.tobias\\Desktop\\MBA\\04 - Desenvolvimento Mobile\\06 - Testes\\01 - Testes automatizados\\iweather\\src\\screens\\Dashboard\\styles.ts": {"path":"C:\\Users\\adriano.tobias\\Desktop\\MBA\\04 - Desenvolvimento Mobile\\06 - Testes\\01 - Testes automatizados\\iweather\\src\\screens\\Dashboard\\styles.ts","statementMap":{"0":{"start":{"line":4,"column":22},"end":{"line":16,"column":2}}},"fnMap":{},"branchMap":{},"s":{"0":1},"f":{},"b":{},"_coverageSchema":"1a1c01bbd47fc00a2c39e90264f33305004495a9","hash":"0c0c02298a0873f3a6093b6b5257f77fb605a895"}
,"C:\\Users\\adriano.tobias\\Desktop\\MBA\\04 - Desenvolvimento Mobile\\06 - Testes\\01 - Testes automatizados\\iweather\\src\\screens\\Search\\index.tsx": {"path":"C:\\Users\\adriano.tobias\\Desktop\\MBA\\04 - Desenvolvimento Mobile\\06 - Testes\\01 - Testes automatizados\\iweather\\src\\screens\\Search\\index.tsx","statementMap":{"0":{"start":{"line":14,"column":30},"end":{"line":14,"column":42}},"1":{"start":{"line":15,"column":36},"end":{"line":15,"column":51}},"2":{"start":{"line":16,"column":30},"end":{"line":16,"column":55}},"3":{"start":{"line":18,"column":31},"end":{"line":18,"column":40}},"4":{"start":{"line":21,"column":4},"end":{"line":21,"column":23}},"5":{"start":{"line":23,"column":21},"end":{"line":23,"column":53}},"6":{"start":{"line":25,"column":4},"end":{"line":25,"column":24}},"7":{"start":{"line":26,"column":4},"end":{"line":26,"column":24}},"8":{"start":{"line":29,"column":2},"end":{"line":37,"column":15}},"9":{"start":{"line":30,"column":4},"end":{"line":32,"column":5}},"10":{"start":{"line":31,"column":6},"end":{"line":31,"column":13}},"11":{"start":{"line":34,"column":21},"end":{"line":34,"column":61}},"12":{"start":{"line":34,"column":38},"end":{"line":34,"column":55}},"13":{"start":{"line":36,"column":4},"end":{"line":36,"column":41}},"14":{"start":{"line":36,"column":17},"end":{"line":36,"column":40}},"15":{"start":{"line":39,"column":2},"end":{"line":63,"column":4}}},"fnMap":{"0":{"name":"Search","decl":{"start":{"line":13,"column":16},"end":{"line":13,"column":22}},"loc":{"start":{"line":13,"column":25},"end":{"line":64,"column":1}},"line":13},"1":{"name":"getCities","decl":{"start":{"line":20,"column":17},"end":{"line":20,"column":26}},"loc":{"start":{"line":20,"column":41},"end":{"line":27,"column":3}},"line":20},"2":{"name":"(anonymous_2)","decl":{"start":{"line":29,"column":12},"end":{"line":29,"column":13}},"loc":{"start":{"line":29,"column":18},"end":{"line":37,"column":3}},"line":29},"3":{"name":"(anonymous_3)","decl":{"start":{"line":34,"column":32},"end":{"line":34,"column":33}},"loc":{"start":{"line":34,"column":38},"end":{"line":34,"column":55}},"line":34},"4":{"name":"(anonymous_4)","decl":{"start":{"line":36,"column":11},"end":{"line":36,"column":12}},"loc":{"start":{"line":36,"column":17},"end":{"line":36,"column":40}},"line":36}},"branchMap":{"0":{"loc":{"start":{"line":30,"column":4},"end":{"line":32,"column":5}},"type":"if","locations":[{"start":{"line":30,"column":4},"end":{"line":32,"column":5}},{"start":{},"end":{}}],"line":30}},"s":{"0":3,"1":3,"2":3,"3":3,"4":0,"5":0,"6":0,"7":0,"8":3,"9":2,"10":2,"11":0,"12":0,"13":0,"14":0,"15":3},"f":{"0":3,"1":0,"2":2,"3":0,"4":0},"b":{"0":[2,0]},"_coverageSchema":"1a1c01bbd47fc00a2c39e90264f33305004495a9","hash":"9e58a9c258ec210d50ff76b36831b72bb210477b"}
,"C:\\Users\\adriano.tobias\\Desktop\\MBA\\04 - Desenvolvimento Mobile\\06 - Testes\\01 - Testes automatizados\\iweather\\src\\screens\\Search\\styles.ts": {"path":"C:\\Users\\adriano.tobias\\Desktop\\MBA\\04 - Desenvolvimento Mobile\\06 - Testes\\01 - Testes automatizados\\iweather\\src\\screens\\Search\\styles.ts","statementMap":{"0":{"start":{"line":4,"column":19},"end":{"line":4,"column":43}},"1":{"start":{"line":6,"column":22},"end":{"line":40,"column":2}}},"fnMap":{},"branchMap":{},"s":{"0":1,"1":1},"f":{},"b":{},"_coverageSchema":"1a1c01bbd47fc00a2c39e90264f33305004495a9","hash":"2a3427ffa1ed50235702a807a1bebd6b834d5b40"}
,"C:\\Users\\adriano.tobias\\Desktop\\MBA\\04 - Desenvolvimento Mobile\\06 - Testes\\01 - Testes automatizados\\iweather\\src\\services\\api.ts": {"path":"C:\\Users\\adriano.tobias\\Desktop\\MBA\\04 - Desenvolvimento Mobile\\06 - Testes\\01 - Testes automatizados\\iweather\\src\\services\\api.ts","statementMap":{"0":{"start":{"line":3,"column":19},"end":{"line":10,"column":2}}},"fnMap":{},"branchMap":{},"s":{"0":3},"f":{},"b":{},"_coverageSchema":"1a1c01bbd47fc00a2c39e90264f33305004495a9","hash":"81d6fe95b6fa3aa8d030e2e563d34b537f12cf4e"}
,"C:\\Users\\adriano.tobias\\Desktop\\MBA\\04 - Desenvolvimento Mobile\\06 - Testes\\01 - Testes automatizados\\iweather\\src\\services\\getCityByNameService.ts": {"path":"C:\\Users\\adriano.tobias\\Desktop\\MBA\\04 - Desenvolvimento Mobile\\06 - Testes\\01 - Testes automatizados\\iweather\\src\\services\\getCityByNameService.ts","statementMap":{"0":{"start":{"line":23,"column":2},"end":{"line":36,"column":3}},"1":{"start":{"line":24,"column":21},"end":{"line":24,"column":73}},"2":{"start":{"line":26,"column":17},"end":{"line":31,"column":5}},"3":{"start":{"line":33,"column":4},"end":{"line":33,"column":18}},"4":{"start":{"line":35,"column":4},"end":{"line":35,"column":14}}},"fnMap":{"0":{"name":"getCityByNameService","decl":{"start":{"line":22,"column":22},"end":{"line":22,"column":42}},"loc":{"start":{"line":22,"column":84},"end":{"line":37,"column":1}},"line":22}},"branchMap":{"0":{"loc":{"start":{"line":28,"column":12},"end":{"line":28,"column":78}},"type":"cond-expr","locations":[{"start":{"line":28,"column":31},"end":{"line":28,"column":66}},{"start":{"line":28,"column":69},"end":{"line":28,"column":78}}],"line":28}},"s":{"0":1,"1":1,"2":1,"3":1,"4":0},"f":{"0":1},"b":{"0":[1,0]},"_coverageSchema":"1a1c01bbd47fc00a2c39e90264f33305004495a9","hash":"f74bc2c72c83c13a4b7695caeb0434a6f7cdc461"}
,"C:\\Users\\adriano.tobias\\Desktop\\MBA\\04 - Desenvolvimento Mobile\\06 - Testes\\01 - Testes automatizados\\iweather\\src\\services\\getWeatherByCityService.ts": {"path":"C:\\Users\\adriano.tobias\\Desktop\\MBA\\04 - Desenvolvimento Mobile\\06 - Testes\\01 - Testes automatizados\\iweather\\src\\services\\getWeatherByCityService.ts","statementMap":{"0":{"start":{"line":46,"column":19},"end":{"line":46,"column":103}},"1":{"start":{"line":47,"column":39},"end":{"line":47,"column":51}},"2":{"start":{"line":49,"column":16},"end":{"line":64,"column":3}},"3":{"start":{"line":66,"column":15},"end":{"line":66,"column":28}},"4":{"start":{"line":67,"column":30},"end":{"line":67,"column":32}},"5":{"start":{"line":68,"column":31},"end":{"line":68,"column":33}},"6":{"start":{"line":70,"column":2},"end":{"line":88,"column":5}},"7":{"start":{"line":71,"column":16},"end":{"line":71,"column":60}},"8":{"start":{"line":73,"column":4},"end":{"line":87,"column":5}},"9":{"start":{"line":74,"column":6},"end":{"line":74,"column":26}},"10":{"start":{"line":76,"column":44},"end":{"line":76,"column":64}},"11":{"start":{"line":78,"column":22},"end":{"line":78,"column":42}},"12":{"start":{"line":80,"column":6},"end":{"line":86,"column":9}},"13":{"start":{"line":90,"column":2},"end":{"line":90,"column":28}}},"fnMap":{"0":{"name":"getWeatherByCityService","decl":{"start":{"line":45,"column":22},"end":{"line":45,"column":45}},"loc":{"start":{"line":45,"column":126},"end":{"line":91,"column":1}},"line":45},"1":{"name":"(anonymous_1)","decl":{"start":{"line":70,"column":20},"end":{"line":70,"column":21}},"loc":{"start":{"line":70,"column":35},"end":{"line":88,"column":3}},"line":70}},"branchMap":{"0":{"loc":{"start":{"line":73,"column":4},"end":{"line":87,"column":5}},"type":"if","locations":[{"start":{"line":73,"column":4},"end":{"line":87,"column":5}},{"start":{},"end":{}}],"line":73},"1":{"loc":{"start":{"line":73,"column":8},"end":{"line":73,"column":54}},"type":"binary-expr","locations":[{"start":{"line":73,"column":8},"end":{"line":73,"column":26}},{"start":{"line":73,"column":30},"end":{"line":73,"column":54}}],"line":73}},"s":{"0":2,"1":2,"2":2,"3":2,"4":2,"5":2,"6":2,"7":4,"8":4,"9":2,"10":2,"11":2,"12":2,"13":2},"f":{"0":2,"1":4},"b":{"0":[2,2],"1":[4,4]},"_coverageSchema":"1a1c01bbd47fc00a2c39e90264f33305004495a9","hash":"881c9b596f2f981c128d4550f71fd9b3efe34457"}
,"C:\\Users\\adriano.tobias\\Desktop\\MBA\\04 - Desenvolvimento Mobile\\06 - Testes\\01 - Testes automatizados\\iweather\\src\\styles\\theme.ts": {"path":"C:\\Users\\adriano.tobias\\Desktop\\MBA\\04 - Desenvolvimento Mobile\\06 - Testes\\01 - Testes automatizados\\iweather\\src\\styles\\theme.ts","statementMap":{"0":{"start":{"line":1,"column":21},"end":{"line":23,"column":1}}},"fnMap":{},"branchMap":{},"s":{"0":6},"f":{},"b":{},"_coverageSchema":"1a1c01bbd47fc00a2c39e90264f33305004495a9","hash":"8ed14d68ec01827ad77d2165dcee8f4f4af32ecd"}
,"C:\\Users\\adriano.tobias\\Desktop\\MBA\\04 - Desenvolvimento Mobile\\06 - Testes\\01 - Testes automatizados\\iweather\\src\\utils\\getNextDays.ts": {"path":"C:\\Users\\adriano.tobias\\Desktop\\MBA\\04 - Desenvolvimento Mobile\\06 - Testes\\01 - Testes automatizados\\iweather\\src\\utils\\getNextDays.ts","statementMap":{"0":{"start":{"line":4,"column":15},"end":{"line":4,"column":17}},"1":{"start":{"line":5,"column":16},"end":{"line":5,"column":26}},"2":{"start":{"line":7,"column":2},"end":{"line":13,"column":3}},"3":{"start":{"line":7,"column":15},"end":{"line":7,"column":16}},"4":{"start":{"line":8,"column":17},"end":{"line":8,"column":27}},"5":{"start":{"line":10,"column":4},"end":{"line":10,"column":44}},"6":{"start":{"line":12,"column":4},"end":{"line":12,"column":43}},"7":{"start":{"line":15,"column":2},"end":{"line":15,"column":14}}},"fnMap":{"0":{"name":"getNextDays","decl":{"start":{"line":3,"column":16},"end":{"line":3,"column":27}},"loc":{"start":{"line":3,"column":30},"end":{"line":16,"column":1}},"line":3}},"branchMap":{},"s":{"0":3,"1":3,"2":3,"3":3,"4":15,"5":15,"6":15,"7":3},"f":{"0":3},"b":{},"_coverageSchema":"1a1c01bbd47fc00a2c39e90264f33305004495a9","hash":"f07909f9bd607fab8123739761876b56b998dbd0"}
,"C:\\Users\\adriano.tobias\\Desktop\\MBA\\04 - Desenvolvimento Mobile\\06 - Testes\\01 - Testes automatizados\\iweather\\src\\utils\\isDayTime.ts": {"path":"C:\\Users\\adriano.tobias\\Desktop\\MBA\\04 - Desenvolvimento Mobile\\06 - Testes\\01 - Testes automatizados\\iweather\\src\\utils\\isDayTime.ts","statementMap":{"0":{"start":{"line":2,"column":16},"end":{"line":2,"column":37}},"1":{"start":{"line":3,"column":2},"end":{"line":3,"column":33}}},"fnMap":{"0":{"name":"isDayTime","decl":{"start":{"line":1,"column":16},"end":{"line":1,"column":25}},"loc":{"start":{"line":1,"column":28},"end":{"line":4,"column":1}},"line":1}},"branchMap":{"0":{"loc":{"start":{"line":3,"column":9},"end":{"line":3,"column":32}},"type":"binary-expr","locations":[{"start":{"line":3,"column":9},"end":{"line":3,"column":18}},{"start":{"line":3,"column":22},"end":{"line":3,"column":32}}],"line":3}},"s":{"0":1,"1":1},"f":{"0":1},"b":{"0":[1,1]},"_coverageSchema":"1a1c01bbd47fc00a2c39e90264f33305004495a9","hash":"8bac140a66e4d460fa4006cda58698f953ff1916"}
,"C:\\Users\\adriano.tobias\\Desktop\\MBA\\04 - Desenvolvimento Mobile\\06 - Testes\\01 - Testes automatizados\\iweather\\src\\utils\\weatherIcons.ts": {"path":"C:\\Users\\adriano.tobias\\Desktop\\MBA\\04 - Desenvolvimento Mobile\\06 - Testes\\01 - Testes automatizados\\iweather\\src\\utils\\weatherIcons.ts","statementMap":{"0":{"start":{"line":20,"column":28},"end":{"line":49,"column":1}}},"fnMap":{},"branchMap":{},"s":{"0":2},"f":{},"b":{},"_coverageSchema":"1a1c01bbd47fc00a2c39e90264f33305004495a9","hash":"14d30e059cc0abf561592dc8295a64b010198258"}
}
